<?xml version="1.0" encoding="UTF-8"?>
<testsuite name="ru.innopolis.uni.model.dao.impl.ProductDaoImplTest" tests="6" skipped="0" failures="0" errors="0" timestamp="2017-01-05T12:17:56" hostname="Игорь-ПК" time="0.307">
  <properties/>
  <testcase name="getAllProducts" classname="ru.innopolis.uni.model.dao.impl.ProductDaoImplTest" time="0.263"/>
  <testcase name="getProductByCategory" classname="ru.innopolis.uni.model.dao.impl.ProductDaoImplTest" time="0.009"/>
  <testcase name="getAllCategories" classname="ru.innopolis.uni.model.dao.impl.ProductDaoImplTest" time="0.001"/>
  <testcase name="getSubCategory" classname="ru.innopolis.uni.model.dao.impl.ProductDaoImplTest" time="0.031"/>
  <testcase name="getProductDetails" classname="ru.innopolis.uni.model.dao.impl.ProductDaoImplTest" time="0.001"/>
  <testcase name="getProductBySubCategory" classname="ru.innopolis.uni.model.dao.impl.ProductDaoImplTest" time="0.001"/>
  <system-out><![CDATA[false
sql
]]></system-out>
  <system-err><![CDATA[Thu Jan 05 15:17:56 MSK 2017 WARN: Establishing SSL connection without server's identity verification is not recommended. According to MySQL 5.5.45+, 5.6.26+ and 5.7.6+ requirements SSL connection must be established by default if explicit option isn't set. For compliance with existing applications not using SSL the verifyServerCertificate property is set to 'false'. You need either to explicitly disable SSL by setting useSSL=false, or set useSSL=true and provide truststore for server certificate verification.
]]></system-err>
</testsuite>
